GAS LISTING /tmp/ccOQXvjA.s 			page 1


   1              		.file	"strings.cpp"
   2              		.option pic
   3              		.option norelax
   4              		.text
   5              	.Ltext0:
   6              		.align	2
   7              		.globl	_Z11printstringPKc
   9              	_Z11printstringPKc:
  10              	.LFB0:
  11              		.file 1 "src/strings.cpp"
   1:src/strings.cpp **** //
   2:src/strings.cpp **** // Created by os on 5/18/23.
   3:src/strings.cpp **** //
   4:src/strings.cpp **** 
   5:src/strings.cpp **** #include "../h/strings.h"
   6:src/strings.cpp **** 
   7:src/strings.cpp **** void printstring(const char* string)
   8:src/strings.cpp **** {
  12              		.loc 1 8 1
  13              		.cfi_startproc
  14              	.LVL0:
  15 0000 130101FE 		addi	sp,sp,-32
  16              		.cfi_def_cfa_offset 32
  17 0004 233C1100 		sd	ra,24(sp)
  18 0008 23388100 		sd	s0,16(sp)
  19 000c 23349100 		sd	s1,8(sp)
  20 0010 23302101 		sd	s2,0(sp)
  21              		.cfi_offset 1, -8
  22              		.cfi_offset 8, -16
  23              		.cfi_offset 9, -24
  24              		.cfi_offset 18, -32
  25 0014 13040102 		addi	s0,sp,32
  26              		.cfi_def_cfa 8, 0
  27 0018 13090500 		mv	s2,a0
   9:src/strings.cpp ****     int i=0;
  28              		.loc 1 9 5
  29              	.LVL1:
  30              		.loc 1 9 9 is_stmt 0
  31 001c 93040000 		li	s1,0
  32              	.LVL2:
  33              	.L3:
  10:src/strings.cpp ****     while (string[i]){
  34              		.loc 1 10 5 is_stmt 1
  35              		.loc 1 10 20
  36 0020 B3079900 		add	a5,s2,s1
  37 0024 03C50700 		lbu	a0,0(a5)
  38 0028 630A0500 		beqz	a0,.L1
  11:src/strings.cpp ****         __putc(string[i++]);
  39              		.loc 1 11 9
  40              		.loc 1 11 24 is_stmt 0
  41 002c 9B841400 		addiw	s1,s1,1
  42              	.LVL3:
  43              		.loc 1 11 15
  44 0030 97000000 		call	__putc@plt
  44      E7800000 
  45              	.LVL4:
  10:src/strings.cpp ****     while (string[i]){
GAS LISTING /tmp/ccOQXvjA.s 			page 2


  46              		.loc 1 10 5
  47 0038 6FF09FFE 		j	.L3
  48              	.LVL5:
  49              	.L1:
  12:src/strings.cpp ****     }
  13:src/strings.cpp **** }
  50              		.loc 1 13 1
  51 003c 83308101 		ld	ra,24(sp)
  52              		.cfi_restore 1
  53 0040 03340101 		ld	s0,16(sp)
  54              		.cfi_restore 8
  55              		.cfi_def_cfa 2, 32
  56 0044 83348100 		ld	s1,8(sp)
  57              		.cfi_restore 9
  58              	.LVL6:
  59 0048 03390100 		ld	s2,0(sp)
  60              		.cfi_restore 18
  61              	.LVL7:
  62 004c 13010102 		addi	sp,sp,32
  63              		.cfi_def_cfa_offset 0
  64 0050 67800000 		jr	ra
  65              		.cfi_endproc
  66              	.LFE0:
  68              	.Letext0:
  69              		.file 2 "src/../h/../lib/console.h"
GAS LISTING /tmp/ccOQXvjA.s 			page 3


DEFINED SYMBOLS
                            *ABS*:0000000000000000 strings.cpp
     /tmp/ccOQXvjA.s:9      .text:0000000000000000 _Z11printstringPKc
     /tmp/ccOQXvjA.s:13     .text:0000000000000000 .L0 
     /tmp/ccOQXvjA.s:15     .text:0000000000000000 .L0 
     /tmp/ccOQXvjA.s:16     .text:0000000000000004 .L0 
     /tmp/ccOQXvjA.s:21     .text:0000000000000014 .L0 
     /tmp/ccOQXvjA.s:22     .text:0000000000000014 .L0 
     /tmp/ccOQXvjA.s:23     .text:0000000000000014 .L0 
     /tmp/ccOQXvjA.s:24     .text:0000000000000014 .L0 
     /tmp/ccOQXvjA.s:26     .text:0000000000000018 .L0 
     /tmp/ccOQXvjA.s:30     .text:000000000000001c .L0 
     /tmp/ccOQXvjA.s:31     .text:000000000000001c .L0 
     /tmp/ccOQXvjA.s:35     .text:0000000000000020 .L0 
     /tmp/ccOQXvjA.s:36     .text:0000000000000020 .L0 
     /tmp/ccOQXvjA.s:40     .text:000000000000002c .L0 
     /tmp/ccOQXvjA.s:41     .text:000000000000002c .L0 
     /tmp/ccOQXvjA.s:44     .text:0000000000000030 .L0 
     /tmp/ccOQXvjA.s:47     .text:0000000000000038 .L0 
     /tmp/ccOQXvjA.s:51     .text:000000000000003c .L0 
     /tmp/ccOQXvjA.s:52     .text:0000000000000040 .L0 
     /tmp/ccOQXvjA.s:54     .text:0000000000000044 .L0 
     /tmp/ccOQXvjA.s:55     .text:0000000000000044 .L0 
     /tmp/ccOQXvjA.s:57     .text:0000000000000048 .L0 
     /tmp/ccOQXvjA.s:60     .text:000000000000004c .L0 
     /tmp/ccOQXvjA.s:63     .text:0000000000000050 .L0 
     /tmp/ccOQXvjA.s:65     .text:0000000000000054 .L0 
     /tmp/ccOQXvjA.s:70     .text:0000000000000054 .L0 
     /tmp/ccOQXvjA.s:49     .text:000000000000003c .L1
     /tmp/ccOQXvjA.s:33     .text:0000000000000020 .L3
     /tmp/ccOQXvjA.s:134    .debug_abbrev:0000000000000000 .Ldebug_abbrev0
     /tmp/ccOQXvjA.s:335    .debug_str:0000000000000017 .LASF1
     /tmp/ccOQXvjA.s:339    .debug_str:00000000000000ee .LASF2
     /tmp/ccOQXvjA.s:333    .debug_str:0000000000000000 .LASF3
     /tmp/ccOQXvjA.s:5      .text:0000000000000000 .Ltext0
     /tmp/ccOQXvjA.s:68     .text:0000000000000054 .Letext0
     /tmp/ccOQXvjA.s:331    .debug_line:0000000000000000 .Ldebug_line0
     /tmp/ccOQXvjA.s:347    .debug_str:0000000000000111 .LASF4
     /tmp/ccOQXvjA.s:337    .debug_str:00000000000000db .LASF5
     /tmp/ccOQXvjA.s:10     .text:0000000000000000 .LFB0
     /tmp/ccOQXvjA.s:66     .text:0000000000000054 .LFE0
     /tmp/ccOQXvjA.s:343    .debug_str:0000000000000103 .LASF6
     /tmp/ccOQXvjA.s:284    .debug_loc:0000000000000000 .LLST0
     /tmp/ccOQXvjA.s:302    .debug_loc:000000000000004c .LLST1
     /tmp/ccOQXvjA.s:45     .text:0000000000000038 .LVL4
     /tmp/ccOQXvjA.s:341    .debug_str:00000000000000fe .LASF0
     /tmp/ccOQXvjA.s:345    .debug_str:000000000000010a .LASF7
     /tmp/ccOQXvjA.s:14     .text:0000000000000000 .LVL0
     /tmp/ccOQXvjA.s:32     .text:0000000000000020 .LVL2
     /tmp/ccOQXvjA.s:61     .text:000000000000004c .LVL7
     /tmp/ccOQXvjA.s:29     .text:000000000000001c .LVL1
     /tmp/ccOQXvjA.s:42     .text:0000000000000030 .LVL3
     /tmp/ccOQXvjA.s:48     .text:000000000000003c .LVL5
     /tmp/ccOQXvjA.s:58     .text:0000000000000048 .LVL6
     /tmp/ccOQXvjA.s:71     .debug_info:0000000000000000 .Ldebug_info0

UNDEFINED SYMBOLS
GAS LISTING /tmp/ccOQXvjA.s 			page 4


__putc
